|06 de Jul 10:41:33.2|  Iniciando Procedimiento
|06 de Jul 10:41:33.2|  Proceso Terminado con exito en un tiempo de {inicio(args)-t1}
|06 de Jul 10:42:17.6|  Iniciando Procedimiento
|06 de Jul 10:42:20.3|   ENCONTRANDO LAS CURVAS DE NIVEL QUE LAS CORRIENTES INTERSECTAN EN ORDEN DE EDICION DE LA LINEA DE CORRIENTE DE AGUA
|06 de Jul 10:48:37.0|  Iniciando Procedimiento
|06 de Jul 10:48:37.4|   ENCONTRANDO LAS CURVAS DE NIVEL QUE LAS CORRIENTES INTERSECTAN EN ORDEN DE EDICION DE LA LINEA DE CORRIENTE DE AGUA
|06 de Jul 10:49:41.2|  Iniciando Procedimiento
|06 de Jul 10:49:41.6|   ENCONTRANDO LAS CURVAS DE NIVEL QUE LAS CORRIENTES INTERSECTAN EN ORDEN DE EDICION DE LA LINEA DE CORRIENTE DE AGUA
|06 de Jul 10:50:52.4|  Iniciando Procedimiento
|06 de Jul 10:50:52.8|   ENCONTRANDO LAS CURVAS DE NIVEL QUE LAS CORRIENTES INTERSECTAN EN ORDEN DE EDICION DE LA LINEA DE CORRIENTE DE AGUA
|06 de Jul 10:52:41.2|  Iniciando Procedimiento
|06 de Jul 10:52:41.6|   ENCONTRANDO LAS CURVAS DE NIVEL QUE LAS CORRIENTES INTERSECTAN EN ORDEN DE EDICION DE LA LINEA DE CORRIENTE DE AGUA
|06 de Jul 10:54:35.0|   Las curvas de nivel que intersecan con cada corriente de agua fueron encontradas satisfactoriamente
|06 de Jul 10:54:35.0|   Revisando la logica de la edicion de las corrientes de agua... 
|06 de Jul 10:55:44.2|  Iniciando Procedimiento
|06 de Jul 10:55:44.5|   ENCONTRANDO LAS CURVAS DE NIVEL QUE LAS CORRIENTES INTERSECTAN EN ORDEN DE EDICION DE LA LINEA DE CORRIENTE DE AGUA
|06 de Jul 10:57:35.5|   Las curvas de nivel que intersecan con cada corriente de agua fueron encontradas satisfactoriamente
|06 de Jul 10:57:35.5|   Revisando la logica de la edicion de las corrientes de agua... 
|06 de Jul 11:00:42.3|  Iniciando Procedimiento
|06 de Jul 11:00:42.7|   ENCONTRANDO LAS CURVAS DE NIVEL QUE LAS CORRIENTES INTERSECTAN EN ORDEN DE EDICION DE LA LINEA DE CORRIENTE DE AGUA
|06 de Jul 11:02:31.8|   Las curvas de nivel que intersecan con cada corriente de agua fueron encontradas satisfactoriamente
|06 de Jul 11:02:31.8|   Revisando la logica de la edicion de las corrientes de agua... 
|06 de Jul 11:20:20.7|  Iniciando Procedimiento
|06 de Jul 11:20:21.1|   ENCONTRANDO LAS CURVAS DE NIVEL QUE LAS CORRIENTES INTERSECTAN EN ORDEN DE EDICION DE LA LINEA DE CORRIENTE DE AGUA
|06 de Jul 11:22:10.5|  Iniciando Procedimiento
|06 de Jul 11:22:11.0|   ENCONTRANDO LAS CURVAS DE NIVEL QUE LAS CORRIENTES INTERSECTAN EN ORDEN DE EDICION DE LA LINEA DE CORRIENTE DE AGUA
|06 de Jul 11:24:58.6|  Iniciando Procedimiento
|06 de Jul 11:24:59.1|   ENCONTRANDO LAS CURVAS DE NIVEL QUE LAS CORRIENTES INTERSECTAN EN ORDEN DE EDICION DE LA LINEA DE CORRIENTE DE AGUA
|06 de Jul 11:27:03.0|  Iniciando Procedimiento
|06 de Jul 11:27:03.4|   ENCONTRANDO LAS CURVAS DE NIVEL QUE LAS CORRIENTES INTERSECTAN EN ORDEN DE EDICION DE LA LINEA DE CORRIENTE DE AGUA
|06 de Jul 11:27:42.7|  Iniciando Procedimiento
|06 de Jul 11:27:43.1|   ENCONTRANDO LAS CURVAS DE NIVEL QUE LAS CORRIENTES INTERSECTAN EN ORDEN DE EDICION DE LA LINEA DE CORRIENTE DE AGUA
|06 de Jul 11:31:02.0|  Iniciando Procedimiento
|06 de Jul 11:31:02.4|   ENCONTRANDO LAS CURVAS DE NIVEL QUE LAS CORRIENTES INTERSECTAN EN ORDEN DE EDICION DE LA LINEA DE CORRIENTE DE AGUA
|06 de Jul 11:32:51.0|   Las curvas de nivel que intersecan con cada corriente de agua fueron encontradas satisfactoriamente
|06 de Jul 11:32:51.0|   Revisando la logica de la edicion de las corrientes de agua... 
|06 de Jul 15:57:51.5|  Iniciando Procedimiento
|06 de Jul 15:58:28.9|  Iniciando Procedimiento
